{"C:\\Users\\admin\\Desktop\\academy\\my-own-kinopoisk\\1097563-what-to-watch-4\\src\\constants.js": {"path":"C:\\Users\\admin\\Desktop\\academy\\my-own-kinopoisk\\1097563-what-to-watch-4\\src\\constants.js","statementMap":{"0":{"start":{"line":1,"column":29},"end":{"line":1,"column":33}},"1":{"start":{"line":3,"column":26},"end":{"line":3,"column":38}},"2":{"start":{"line":5,"column":26},"end":{"line":5,"column":27}},"3":{"start":{"line":7,"column":26},"end":{"line":12,"column":1}},"4":{"start":{"line":14,"column":27},"end":{"line":20,"column":1}}},"fnMap":{},"branchMap":{},"s":{"0":7,"1":7,"2":7,"3":7,"4":7},"f":{},"b":{},"_coverageSchema":"1a1c01bbd47fc00a2c39e90264f33305004495a9","hash":"54cd62dae308a6e9c8dba88ebb3ad55ab483710c"}
,"C:\\Users\\admin\\Desktop\\academy\\my-own-kinopoisk\\1097563-what-to-watch-4\\src\\reducer.js": {"path":"C:\\Users\\admin\\Desktop\\academy\\my-own-kinopoisk\\1097563-what-to-watch-4\\src\\reducer.js","statementMap":{"0":{"start":{"line":6,"column":21},"end":{"line":11,"column":1}},"1":{"start":{"line":13,"column":19},"end":{"line":16,"column":1}},"2":{"start":{"line":18,"column":22},"end":{"line":24,"column":1}},"3":{"start":{"line":19,"column":2},"end":{"line":23,"column":3}},"4":{"start":{"line":20,"column":4},"end":{"line":20,"column":56}},"5":{"start":{"line":20,"column":34},"end":{"line":20,"column":54}},"6":{"start":{"line":22,"column":4},"end":{"line":22,"column":17}},"7":{"start":{"line":26,"column":22},"end":{"line":41,"column":1}},"8":{"start":{"line":28,"column":25},"end":{"line":28,"column":52}},"9":{"start":{"line":29,"column":4},"end":{"line":32,"column":6}},"10":{"start":{"line":36,"column":4},"end":{"line":39,"column":6}},"11":{"start":{"line":43,"column":16},"end":{"line":55,"column":1}},"12":{"start":{"line":44,"column":2},"end":{"line":53,"column":3}},"13":{"start":{"line":46,"column":6},"end":{"line":48,"column":9}},"14":{"start":{"line":50,"column":6},"end":{"line":52,"column":9}},"15":{"start":{"line":54,"column":2},"end":{"line":54,"column":15}}},"fnMap":{"0":{"name":"(anonymous_0)","decl":{"start":{"line":18,"column":22},"end":{"line":18,"column":23}},"loc":{"start":{"line":18,"column":33},"end":{"line":24,"column":1}},"line":18},"1":{"name":"(anonymous_1)","decl":{"start":{"line":20,"column":24},"end":{"line":20,"column":25}},"loc":{"start":{"line":20,"column":34},"end":{"line":20,"column":54}},"line":20},"2":{"name":"(anonymous_2)","decl":{"start":{"line":27,"column":15},"end":{"line":27,"column":16}},"loc":{"start":{"line":27,"column":33},"end":{"line":33,"column":3}},"line":27},"3":{"name":"(anonymous_3)","decl":{"start":{"line":35,"column":19},"end":{"line":35,"column":20}},"loc":{"start":{"line":35,"column":37},"end":{"line":40,"column":3}},"line":35},"4":{"name":"(anonymous_4)","decl":{"start":{"line":43,"column":16},"end":{"line":43,"column":17}},"loc":{"start":{"line":43,"column":50},"end":{"line":55,"column":1}},"line":43}},"branchMap":{"0":{"loc":{"start":{"line":19,"column":2},"end":{"line":23,"column":3}},"type":"if","locations":[{"start":{"line":19,"column":2},"end":{"line":23,"column":3}},{"start":{"line":19,"column":2},"end":{"line":23,"column":3}}],"line":19},"1":{"loc":{"start":{"line":43,"column":17},"end":{"line":43,"column":37}},"type":"default-arg","locations":[{"start":{"line":43,"column":25},"end":{"line":43,"column":37}}],"line":43},"2":{"loc":{"start":{"line":44,"column":2},"end":{"line":53,"column":3}},"type":"switch","locations":[{"start":{"line":45,"column":4},"end":{"line":48,"column":9}},{"start":{"line":49,"column":4},"end":{"line":52,"column":9}}],"line":44}},"s":{"0":3,"1":3,"2":3,"3":0,"4":0,"5":0,"6":0,"7":3,"8":0,"9":0,"10":0,"11":3,"12":0,"13":0,"14":0,"15":0},"f":{"0":0,"1":0,"2":0,"3":0,"4":0},"b":{"0":[0,0],"1":[0],"2":[0,0]},"_coverageSchema":"1a1c01bbd47fc00a2c39e90264f33305004495a9","hash":"6b1a0ddf972f90a5a521db664726500df8763c87"}
,"C:\\Users\\admin\\Desktop\\academy\\my-own-kinopoisk\\1097563-what-to-watch-4\\src\\utils.js": {"path":"C:\\Users\\admin\\Desktop\\academy\\my-own-kinopoisk\\1097563-what-to-watch-4\\src\\utils.js","statementMap":{"0":{"start":{"line":5,"column":35},"end":{"line":22,"column":1}},"1":{"start":{"line":6,"column":56},"end":{"line":6,"column":66}},"2":{"start":{"line":7,"column":49},"end":{"line":7,"column":60}},"3":{"start":{"line":10,"column":2},"end":{"line":20,"column":3}},"4":{"start":{"line":11,"column":4},"end":{"line":11,"column":17}},"5":{"start":{"line":12,"column":9},"end":{"line":20,"column":3}},"6":{"start":{"line":13,"column":4},"end":{"line":13,"column":20}},"7":{"start":{"line":14,"column":9},"end":{"line":20,"column":3}},"8":{"start":{"line":15,"column":4},"end":{"line":15,"column":18}},"9":{"start":{"line":16,"column":9},"end":{"line":20,"column":3}},"10":{"start":{"line":17,"column":4},"end":{"line":17,"column":22}},"11":{"start":{"line":18,"column":9},"end":{"line":20,"column":3}},"12":{"start":{"line":19,"column":4},"end":{"line":19,"column":21}},"13":{"start":{"line":21,"column":2},"end":{"line":21,"column":16}},"14":{"start":{"line":24,"column":22},"end":{"line":26,"column":1}},"15":{"start":{"line":25,"column":2},"end":{"line":25,"column":33}},"16":{"start":{"line":29,"column":30},"end":{"line":37,"column":1}},"17":{"start":{"line":30,"column":22},"end":{"line":30,"column":34}},"18":{"start":{"line":31,"column":2},"end":{"line":35,"column":5}},"19":{"start":{"line":32,"column":4},"end":{"line":34,"column":5}},"20":{"start":{"line":33,"column":6},"end":{"line":33,"column":35}},"21":{"start":{"line":36,"column":2},"end":{"line":36,"column":42}}},"fnMap":{"0":{"name":"(anonymous_0)","decl":{"start":{"line":5,"column":35},"end":{"line":5,"column":36}},"loc":{"start":{"line":5,"column":46},"end":{"line":22,"column":1}},"line":5},"1":{"name":"(anonymous_1)","decl":{"start":{"line":24,"column":22},"end":{"line":24,"column":23}},"loc":{"start":{"line":24,"column":32},"end":{"line":26,"column":1}},"line":24},"2":{"name":"(anonymous_2)","decl":{"start":{"line":29,"column":30},"end":{"line":29,"column":31}},"loc":{"start":{"line":29,"column":41},"end":{"line":37,"column":1}},"line":29},"3":{"name":"(anonymous_3)","decl":{"start":{"line":31,"column":16},"end":{"line":31,"column":17}},"loc":{"start":{"line":31,"column":26},"end":{"line":35,"column":3}},"line":31}},"branchMap":{"0":{"loc":{"start":{"line":10,"column":2},"end":{"line":20,"column":3}},"type":"if","locations":[{"start":{"line":10,"column":2},"end":{"line":20,"column":3}},{"start":{"line":10,"column":2},"end":{"line":20,"column":3}}],"line":10},"1":{"loc":{"start":{"line":12,"column":9},"end":{"line":20,"column":3}},"type":"if","locations":[{"start":{"line":12,"column":9},"end":{"line":20,"column":3}},{"start":{"line":12,"column":9},"end":{"line":20,"column":3}}],"line":12},"2":{"loc":{"start":{"line":12,"column":13},"end":{"line":12,"column":51}},"type":"binary-expr","locations":[{"start":{"line":12,"column":13},"end":{"line":12,"column":30}},{"start":{"line":12,"column":34},"end":{"line":12,"column":51}}],"line":12},"3":{"loc":{"start":{"line":14,"column":9},"end":{"line":20,"column":3}},"type":"if","locations":[{"start":{"line":14,"column":9},"end":{"line":20,"column":3}},{"start":{"line":14,"column":9},"end":{"line":20,"column":3}}],"line":14},"4":{"loc":{"start":{"line":14,"column":13},"end":{"line":14,"column":54}},"type":"binary-expr","locations":[{"start":{"line":14,"column":13},"end":{"line":14,"column":31}},{"start":{"line":14,"column":35},"end":{"line":14,"column":54}}],"line":14},"5":{"loc":{"start":{"line":16,"column":9},"end":{"line":20,"column":3}},"type":"if","locations":[{"start":{"line":16,"column":9},"end":{"line":20,"column":3}},{"start":{"line":16,"column":9},"end":{"line":20,"column":3}}],"line":16},"6":{"loc":{"start":{"line":16,"column":13},"end":{"line":16,"column":54}},"type":"binary-expr","locations":[{"start":{"line":16,"column":13},"end":{"line":16,"column":33}},{"start":{"line":16,"column":37},"end":{"line":16,"column":54}}],"line":16},"7":{"loc":{"start":{"line":18,"column":9},"end":{"line":20,"column":3}},"type":"if","locations":[{"start":{"line":18,"column":9},"end":{"line":20,"column":3}},{"start":{"line":18,"column":9},"end":{"line":20,"column":3}}],"line":18},"8":{"loc":{"start":{"line":32,"column":4},"end":{"line":34,"column":5}},"type":"if","locations":[{"start":{"line":32,"column":4},"end":{"line":34,"column":5}},{"start":{"line":32,"column":4},"end":{"line":34,"column":5}}],"line":32}},"s":{"0":4,"1":1,"2":1,"3":1,"4":0,"5":1,"6":0,"7":1,"8":0,"9":1,"10":0,"11":1,"12":0,"13":1,"14":4,"15":0,"16":4,"17":0,"18":0,"19":0,"20":0,"21":0},"f":{"0":1,"1":0,"2":0,"3":0},"b":{"0":[0,1],"1":[0,1],"2":[1,0],"3":[0,1],"4":[1,0],"5":[0,1],"6":[1,0],"7":[0,1],"8":[0,0]},"_coverageSchema":"1a1c01bbd47fc00a2c39e90264f33305004495a9","hash":"bda22cc073d5f96f3e41ef287dc2b94919f35562"}
,"C:\\Users\\admin\\Desktop\\academy\\my-own-kinopoisk\\1097563-what-to-watch-4\\src\\components\\app\\app.jsx": {"path":"C:\\Users\\admin\\Desktop\\academy\\my-own-kinopoisk\\1097563-what-to-watch-4\\src\\components\\app\\app.jsx","statementMap":{"0":{"start":{"line":9,"column":4},"end":{"line":9,"column":17}},"1":{"start":{"line":11,"column":4},"end":{"line":13,"column":6}},"2":{"start":{"line":15,"column":4},"end":{"line":15,"column":69}},"3":{"start":{"line":16,"column":4},"end":{"line":16,"column":63}},"4":{"start":{"line":17,"column":4},"end":{"line":17,"column":73}},"5":{"start":{"line":21,"column":4},"end":{"line":23,"column":7}},"6":{"start":{"line":27,"column":30},"end":{"line":27,"column":40}},"7":{"start":{"line":28,"column":4},"end":{"line":35,"column":6}},"8":{"start":{"line":39,"column":30},"end":{"line":39,"column":40}},"9":{"start":{"line":41,"column":4},"end":{"line":48,"column":6}},"10":{"start":{"line":52,"column":4},"end":{"line":63,"column":6}},"11":{"start":{"line":67,"column":0},"end":{"line":95,"column":2}}},"fnMap":{"0":{"name":"(anonymous_0)","decl":{"start":{"line":8,"column":2},"end":{"line":8,"column":3}},"loc":{"start":{"line":8,"column":21},"end":{"line":18,"column":3}},"line":8},"1":{"name":"(anonymous_1)","decl":{"start":{"line":20,"column":2},"end":{"line":20,"column":3}},"loc":{"start":{"line":20,"column":27},"end":{"line":24,"column":3}},"line":20},"2":{"name":"(anonymous_2)","decl":{"start":{"line":26,"column":2},"end":{"line":26,"column":3}},"loc":{"start":{"line":26,"column":22},"end":{"line":36,"column":3}},"line":26},"3":{"name":"(anonymous_3)","decl":{"start":{"line":38,"column":2},"end":{"line":38,"column":3}},"loc":{"start":{"line":38,"column":27},"end":{"line":49,"column":3}},"line":38},"4":{"name":"(anonymous_4)","decl":{"start":{"line":51,"column":2},"end":{"line":51,"column":3}},"loc":{"start":{"line":51,"column":11},"end":{"line":64,"column":3}},"line":51}},"branchMap":{},"s":{"0":1,"1":1,"2":1,"3":1,"4":1,"5":0,"6":1,"7":1,"8":1,"9":1,"10":1,"11":1},"f":{"0":1,"1":0,"2":1,"3":1,"4":1},"b":{},"_coverageSchema":"1a1c01bbd47fc00a2c39e90264f33305004495a9","hash":"e2b2a767149680abca8c2a6cbd72313a2adb4002"}
,"C:\\Users\\admin\\Desktop\\academy\\my-own-kinopoisk\\1097563-what-to-watch-4\\src\\components\\full-movie-info\\full-movie-info.jsx": {"path":"C:\\Users\\admin\\Desktop\\academy\\my-own-kinopoisk\\1097563-what-to-watch-4\\src\\components\\full-movie-info\\full-movie-info.jsx","statementMap":{"0":{"start":{"line":6,"column":22},"end":{"line":126,"column":1}},"1":{"start":{"line":7,"column":63},"end":{"line":7,"column":68}},"2":{"start":{"line":8,"column":16},"end":{"line":8,"column":31}},"3":{"start":{"line":10,"column":2},"end":{"line":125,"column":15}},"4":{"start":{"line":128,"column":0},"end":{"line":158,"column":2}}},"fnMap":{"0":{"name":"(anonymous_0)","decl":{"start":{"line":6,"column":22},"end":{"line":6,"column":23}},"loc":{"start":{"line":6,"column":33},"end":{"line":126,"column":1}},"line":6}},"branchMap":{},"s":{"0":2,"1":1,"2":1,"3":1,"4":2},"f":{"0":1},"b":{},"_coverageSchema":"1a1c01bbd47fc00a2c39e90264f33305004495a9","hash":"72d6ed2bd622aa25593fa8172fb3674fb2eb8995"}
,"C:\\Users\\admin\\Desktop\\academy\\my-own-kinopoisk\\1097563-what-to-watch-4\\src\\components\\genres-list\\genres-list.jsx": {"path":"C:\\Users\\admin\\Desktop\\academy\\my-own-kinopoisk\\1097563-what-to-watch-4\\src\\components\\genres-list\\genres-list.jsx","statementMap":{"0":{"start":{"line":4,"column":19},"end":{"line":24,"column":1}},"1":{"start":{"line":5,"column":47},"end":{"line":5,"column":52}},"2":{"start":{"line":7,"column":2},"end":{"line":23,"column":4}},"3":{"start":{"line":10,"column":8},"end":{"line":20,"column":17}},"4":{"start":{"line":16,"column":16},"end":{"line":16,"column":37}},"5":{"start":{"line":17,"column":16},"end":{"line":17,"column":36}},"6":{"start":{"line":26,"column":0},"end":{"line":30,"column":2}}},"fnMap":{"0":{"name":"(anonymous_0)","decl":{"start":{"line":4,"column":19},"end":{"line":4,"column":20}},"loc":{"start":{"line":4,"column":30},"end":{"line":24,"column":1}},"line":4},"1":{"name":"(anonymous_1)","decl":{"start":{"line":9,"column":18},"end":{"line":9,"column":19}},"loc":{"start":{"line":9,"column":32},"end":{"line":21,"column":7}},"line":9},"2":{"name":"(anonymous_2)","decl":{"start":{"line":15,"column":24},"end":{"line":15,"column":25}},"loc":{"start":{"line":15,"column":33},"end":{"line":18,"column":15}},"line":15}},"branchMap":{"0":{"loc":{"start":{"line":12,"column":47},"end":{"line":12,"column":107}},"type":"cond-expr","locations":[{"start":{"line":12,"column":72},"end":{"line":12,"column":102}},{"start":{"line":12,"column":105},"end":{"line":12,"column":107}}],"line":12}},"s":{"0":3,"1":0,"2":0,"3":0,"4":0,"5":0,"6":3},"f":{"0":0,"1":0,"2":0},"b":{"0":[0,0]},"_coverageSchema":"1a1c01bbd47fc00a2c39e90264f33305004495a9","hash":"af52eb11476bc12928b85fbd3723ef1dd9eabe30"}
,"C:\\Users\\admin\\Desktop\\academy\\my-own-kinopoisk\\1097563-what-to-watch-4\\src\\components\\main\\main.jsx": {"path":"C:\\Users\\admin\\Desktop\\academy\\my-own-kinopoisk\\1097563-what-to-watch-4\\src\\components\\main\\main.jsx","statementMap":{"0":{"start":{"line":9,"column":13},"end":{"line":102,"column":1}},"1":{"start":{"line":10,"column":105},"end":{"line":10,"column":110}},"2":{"start":{"line":12,"column":2},"end":{"line":101,"column":21}},"3":{"start":{"line":104,"column":0},"end":{"line":152,"column":2}},"4":{"start":{"line":154,"column":24},"end":{"line":158,"column":2}},"5":{"start":{"line":154,"column":36},"end":{"line":158,"column":1}},"6":{"start":{"line":160,"column":27},"end":{"line":165,"column":2}},"7":{"start":{"line":160,"column":42},"end":{"line":165,"column":1}},"8":{"start":{"line":162,"column":4},"end":{"line":162,"column":47}},"9":{"start":{"line":163,"column":4},"end":{"line":163,"column":51}}},"fnMap":{"0":{"name":"(anonymous_0)","decl":{"start":{"line":9,"column":13},"end":{"line":9,"column":14}},"loc":{"start":{"line":9,"column":24},"end":{"line":102,"column":1}},"line":9},"1":{"name":"(anonymous_1)","decl":{"start":{"line":154,"column":24},"end":{"line":154,"column":25}},"loc":{"start":{"line":154,"column":36},"end":{"line":158,"column":1}},"line":154},"2":{"name":"(anonymous_2)","decl":{"start":{"line":160,"column":27},"end":{"line":160,"column":28}},"loc":{"start":{"line":160,"column":42},"end":{"line":165,"column":1}},"line":160},"3":{"name":"(anonymous_3)","decl":{"start":{"line":161,"column":2},"end":{"line":161,"column":3}},"loc":{"start":{"line":161,"column":22},"end":{"line":164,"column":3}},"line":161}},"branchMap":{},"s":{"0":3,"1":0,"2":0,"3":3,"4":3,"5":0,"6":3,"7":0,"8":0,"9":0},"f":{"0":0,"1":0,"2":0,"3":0},"b":{},"_coverageSchema":"1a1c01bbd47fc00a2c39e90264f33305004495a9","hash":"6a80e28dd3b8e3111889276f0b96202b6b78a5a5"}
,"C:\\Users\\admin\\Desktop\\academy\\my-own-kinopoisk\\1097563-what-to-watch-4\\src\\components\\movie-card\\movie-card.jsx": {"path":"C:\\Users\\admin\\Desktop\\academy\\my-own-kinopoisk\\1097563-what-to-watch-4\\src\\components\\movie-card\\movie-card.jsx","statementMap":{"0":{"start":{"line":9,"column":4},"end":{"line":9,"column":17}},"1":{"start":{"line":11,"column":4},"end":{"line":14,"column":6}},"2":{"start":{"line":16,"column":4},"end":{"line":16,"column":22}},"3":{"start":{"line":18,"column":4},"end":{"line":18,"column":71}},"4":{"start":{"line":19,"column":4},"end":{"line":19,"column":71}},"5":{"start":{"line":20,"column":4},"end":{"line":20,"column":71}},"6":{"start":{"line":21,"column":4},"end":{"line":21,"column":61}},"7":{"start":{"line":25,"column":32},"end":{"line":25,"column":42}},"8":{"start":{"line":26,"column":17},"end":{"line":26,"column":21}},"9":{"start":{"line":28,"column":4},"end":{"line":32,"column":22}},"10":{"start":{"line":29,"column":6},"end":{"line":31,"column":9}},"11":{"start":{"line":34,"column":4},"end":{"line":34,"column":20}},"12":{"start":{"line":38,"column":26},"end":{"line":38,"column":36}},"13":{"start":{"line":39,"column":4},"end":{"line":47,"column":5}},"14":{"start":{"line":40,"column":6},"end":{"line":40,"column":31}},"15":{"start":{"line":41,"column":6},"end":{"line":43,"column":9}},"16":{"start":{"line":45,"column":6},"end":{"line":45,"column":24}},"17":{"start":{"line":46,"column":6},"end":{"line":46,"column":20}},"18":{"start":{"line":51,"column":37},"end":{"line":51,"column":47}},"19":{"start":{"line":52,"column":17},"end":{"line":52,"column":21}},"20":{"start":{"line":54,"column":4},"end":{"line":54,"column":25}},"21":{"start":{"line":55,"column":4},"end":{"line":55,"column":25}},"22":{"start":{"line":59,"column":36},"end":{"line":59,"column":46}},"23":{"start":{"line":60,"column":17},"end":{"line":60,"column":21}},"24":{"start":{"line":61,"column":4},"end":{"line":61,"column":24}},"25":{"start":{"line":65,"column":19},"end":{"line":65,"column":29}},"26":{"start":{"line":66,"column":24},"end":{"line":66,"column":34}},"27":{"start":{"line":71,"column":8},"end":{"line":71,"column":12}},"28":{"start":{"line":73,"column":4},"end":{"line":96,"column":6}},"29":{"start":{"line":100,"column":0},"end":{"line":119,"column":2}}},"fnMap":{"0":{"name":"(anonymous_0)","decl":{"start":{"line":8,"column":2},"end":{"line":8,"column":3}},"loc":{"start":{"line":8,"column":21},"end":{"line":22,"column":3}},"line":8},"1":{"name":"(anonymous_1)","decl":{"start":{"line":24,"column":2},"end":{"line":24,"column":3}},"loc":{"start":{"line":24,"column":26},"end":{"line":35,"column":3}},"line":24},"2":{"name":"(anonymous_2)","decl":{"start":{"line":28,"column":28},"end":{"line":28,"column":29}},"loc":{"start":{"line":28,"column":34},"end":{"line":32,"column":5}},"line":28},"3":{"name":"(anonymous_3)","decl":{"start":{"line":37,"column":2},"end":{"line":37,"column":3}},"loc":{"start":{"line":37,"column":26},"end":{"line":48,"column":3}},"line":37},"4":{"name":"(anonymous_4)","decl":{"start":{"line":50,"column":2},"end":{"line":50,"column":3}},"loc":{"start":{"line":50,"column":29},"end":{"line":56,"column":3}},"line":50},"5":{"name":"(anonymous_5)","decl":{"start":{"line":58,"column":2},"end":{"line":58,"column":3}},"loc":{"start":{"line":58,"column":21},"end":{"line":62,"column":3}},"line":58},"6":{"name":"(anonymous_6)","decl":{"start":{"line":64,"column":2},"end":{"line":64,"column":3}},"loc":{"start":{"line":64,"column":11},"end":{"line":97,"column":3}},"line":64}},"branchMap":{"0":{"loc":{"start":{"line":39,"column":4},"end":{"line":47,"column":5}},"type":"if","locations":[{"start":{"line":39,"column":4},"end":{"line":47,"column":5}},{"start":{"line":39,"column":4},"end":{"line":47,"column":5}}],"line":39}},"s":{"0":20,"1":20,"2":20,"3":20,"4":20,"5":20,"6":20,"7":1,"8":1,"9":1,"10":0,"11":1,"12":1,"13":1,"14":0,"15":0,"16":0,"17":0,"18":1,"19":1,"20":1,"21":1,"22":1,"23":1,"24":1,"25":20,"26":20,"27":20,"28":20,"29":7},"f":{"0":20,"1":1,"2":0,"3":1,"4":1,"5":1,"6":20},"b":{"0":[0,1]},"_coverageSchema":"1a1c01bbd47fc00a2c39e90264f33305004495a9","hash":"9991402eb0e4b7316652608b0088eb0a7e28054d"}
,"C:\\Users\\admin\\Desktop\\academy\\my-own-kinopoisk\\1097563-what-to-watch-4\\src\\components\\movies-list\\movies-list.jsx": {"path":"C:\\Users\\admin\\Desktop\\academy\\my-own-kinopoisk\\1097563-what-to-watch-4\\src\\components\\movies-list\\movies-list.jsx","statementMap":{"0":{"start":{"line":7,"column":4},"end":{"line":7,"column":17}},"1":{"start":{"line":9,"column":4},"end":{"line":11,"column":6}},"2":{"start":{"line":12,"column":4},"end":{"line":12,"column":63}},"3":{"start":{"line":13,"column":4},"end":{"line":13,"column":63}},"4":{"start":{"line":17,"column":4},"end":{"line":19,"column":7}},"5":{"start":{"line":23,"column":4},"end":{"line":25,"column":7}},"6":{"start":{"line":30,"column":55},"end":{"line":30,"column":65}},"7":{"start":{"line":32,"column":4},"end":{"line":45,"column":6}},"8":{"start":{"line":35,"column":10},"end":{"line":42,"column":12}},"9":{"start":{"line":49,"column":0},"end":{"line":68,"column":2}}},"fnMap":{"0":{"name":"(anonymous_0)","decl":{"start":{"line":6,"column":2},"end":{"line":6,"column":3}},"loc":{"start":{"line":6,"column":21},"end":{"line":14,"column":3}},"line":6},"1":{"name":"(anonymous_1)","decl":{"start":{"line":16,"column":2},"end":{"line":16,"column":3}},"loc":{"start":{"line":16,"column":24},"end":{"line":20,"column":3}},"line":16},"2":{"name":"(anonymous_2)","decl":{"start":{"line":22,"column":2},"end":{"line":22,"column":3}},"loc":{"start":{"line":22,"column":22},"end":{"line":26,"column":3}},"line":22},"3":{"name":"(anonymous_3)","decl":{"start":{"line":29,"column":2},"end":{"line":29,"column":3}},"loc":{"start":{"line":29,"column":11},"end":{"line":46,"column":3}},"line":29},"4":{"name":"(anonymous_4)","decl":{"start":{"line":34,"column":19},"end":{"line":34,"column":20}},"loc":{"start":{"line":35,"column":10},"end":{"line":42,"column":12}},"line":35}},"branchMap":{},"s":{"0":2,"1":2,"2":2,"3":2,"4":0,"5":0,"6":2,"7":2,"8":16,"9":5},"f":{"0":2,"1":0,"2":0,"3":2,"4":16},"b":{},"_coverageSchema":"1a1c01bbd47fc00a2c39e90264f33305004495a9","hash":"fb939c195b0a65a06ed5ac2ad9792baafcb34708"}
,"C:\\Users\\admin\\Desktop\\academy\\my-own-kinopoisk\\1097563-what-to-watch-4\\src\\components\\video-player\\video-player.jsx": {"path":"C:\\Users\\admin\\Desktop\\academy\\my-own-kinopoisk\\1097563-what-to-watch-4\\src\\components\\video-player\\video-player.jsx","statementMap":{"0":{"start":{"line":6,"column":4},"end":{"line":6,"column":17}},"1":{"start":{"line":8,"column":4},"end":{"line":8,"column":33}},"2":{"start":{"line":12,"column":33},"end":{"line":12,"column":43}},"3":{"start":{"line":13,"column":18},"end":{"line":13,"column":40}},"4":{"start":{"line":15,"column":4},"end":{"line":15,"column":20}},"5":{"start":{"line":16,"column":4},"end":{"line":16,"column":26}},"6":{"start":{"line":17,"column":4},"end":{"line":17,"column":24}},"7":{"start":{"line":21,"column":18},"end":{"line":21,"column":40}},"8":{"start":{"line":23,"column":4},"end":{"line":23,"column":19}},"9":{"start":{"line":27,"column":24},"end":{"line":27,"column":34}},"10":{"start":{"line":28,"column":18},"end":{"line":28,"column":40}},"11":{"start":{"line":30,"column":4},"end":{"line":36,"column":5}},"12":{"start":{"line":31,"column":6},"end":{"line":35,"column":7}},"13":{"start":{"line":32,"column":8},"end":{"line":32,"column":21}},"14":{"start":{"line":34,"column":8},"end":{"line":34,"column":21}},"15":{"start":{"line":40,"column":33},"end":{"line":40,"column":43}},"16":{"start":{"line":41,"column":23},"end":{"line":41,"column":38}},"17":{"start":{"line":43,"column":4},"end":{"line":51,"column":6}},"18":{"start":{"line":55,"column":0},"end":{"line":60,"column":2}}},"fnMap":{"0":{"name":"(anonymous_0)","decl":{"start":{"line":5,"column":2},"end":{"line":5,"column":3}},"loc":{"start":{"line":5,"column":21},"end":{"line":9,"column":3}},"line":5},"1":{"name":"(anonymous_1)","decl":{"start":{"line":11,"column":2},"end":{"line":11,"column":3}},"loc":{"start":{"line":11,"column":22},"end":{"line":18,"column":3}},"line":11},"2":{"name":"(anonymous_2)","decl":{"start":{"line":20,"column":2},"end":{"line":20,"column":3}},"loc":{"start":{"line":20,"column":25},"end":{"line":24,"column":3}},"line":20},"3":{"name":"(anonymous_3)","decl":{"start":{"line":26,"column":2},"end":{"line":26,"column":3}},"loc":{"start":{"line":26,"column":23},"end":{"line":37,"column":3}},"line":26},"4":{"name":"(anonymous_4)","decl":{"start":{"line":39,"column":2},"end":{"line":39,"column":3}},"loc":{"start":{"line":39,"column":11},"end":{"line":52,"column":3}},"line":39}},"branchMap":{"0":{"loc":{"start":{"line":30,"column":4},"end":{"line":36,"column":5}},"type":"if","locations":[{"start":{"line":30,"column":4},"end":{"line":36,"column":5}},{"start":{"line":30,"column":4},"end":{"line":36,"column":5}}],"line":30},"1":{"loc":{"start":{"line":31,"column":6},"end":{"line":35,"column":7}},"type":"if","locations":[{"start":{"line":31,"column":6},"end":{"line":35,"column":7}},{"start":{"line":31,"column":6},"end":{"line":35,"column":7}}],"line":31}},"s":{"0":19,"1":19,"2":19,"3":19,"4":19,"5":19,"6":19,"7":0,"8":0,"9":2,"10":2,"11":2,"12":2,"13":1,"14":1,"15":21,"16":21,"17":21,"18":9},"f":{"0":19,"1":19,"2":0,"3":2,"4":21},"b":{"0":[2,0],"1":[1,1]},"_coverageSchema":"1a1c01bbd47fc00a2c39e90264f33305004495a9","hash":"cb6bf6fa96ebdc4df43009839a02d15f6158d8c7"}
,"C:\\Users\\admin\\Desktop\\academy\\my-own-kinopoisk\\1097563-what-to-watch-4\\src\\mocks\\film-info.js": {"path":"C:\\Users\\admin\\Desktop\\academy\\my-own-kinopoisk\\1097563-what-to-watch-4\\src\\mocks\\film-info.js","statementMap":{},"fnMap":{},"branchMap":{},"s":{},"f":{},"b":{},"_coverageSchema":"1a1c01bbd47fc00a2c39e90264f33305004495a9","hash":"46cddb58d0bc2d67db686d381037f4eb2ec170ab"}
,"C:\\Users\\admin\\Desktop\\academy\\my-own-kinopoisk\\1097563-what-to-watch-4\\src\\mocks\\films.js": {"path":"C:\\Users\\admin\\Desktop\\academy\\my-own-kinopoisk\\1097563-what-to-watch-4\\src\\mocks\\films.js","statementMap":{},"fnMap":{},"branchMap":{},"s":{},"f":{},"b":{},"_coverageSchema":"1a1c01bbd47fc00a2c39e90264f33305004495a9","hash":"8d009d2791f02fa142eff63a94e8f3c22f87d1b3"}
}
