TN:
SF:src\constants.js
FNF:0
FNH:0
DA:1,7
DA:3,7
DA:5,7
DA:7,7
DA:14,7
LF:5
LH:5
BRF:0
BRH:0
end_of_record
TN:
SF:src\reducer.js
FN:18,(anonymous_0)
FN:20,(anonymous_1)
FN:27,(anonymous_2)
FN:35,(anonymous_3)
FN:43,(anonymous_4)
FNF:5
FNH:0
FNDA:0,(anonymous_0)
FNDA:0,(anonymous_1)
FNDA:0,(anonymous_2)
FNDA:0,(anonymous_3)
FNDA:0,(anonymous_4)
DA:6,3
DA:13,3
DA:18,3
DA:19,0
DA:20,0
DA:22,0
DA:26,3
DA:28,0
DA:29,0
DA:36,0
DA:43,3
DA:44,0
DA:46,0
DA:50,0
DA:54,0
LF:15
LH:5
BRDA:19,0,0,0
BRDA:19,0,1,0
BRDA:43,1,0,0
BRDA:44,2,0,0
BRDA:44,2,1,0
BRF:5
BRH:0
end_of_record
TN:
SF:src\utils.js
FN:5,(anonymous_0)
FN:24,(anonymous_1)
FN:29,(anonymous_2)
FN:31,(anonymous_3)
FNF:4
FNH:1
FNDA:1,(anonymous_0)
FNDA:0,(anonymous_1)
FNDA:0,(anonymous_2)
FNDA:0,(anonymous_3)
DA:5,4
DA:6,1
DA:7,1
DA:10,1
DA:11,0
DA:12,1
DA:13,0
DA:14,1
DA:15,0
DA:16,1
DA:17,0
DA:18,1
DA:19,0
DA:21,1
DA:24,4
DA:25,0
DA:29,4
DA:30,0
DA:31,0
DA:32,0
DA:33,0
DA:36,0
LF:22
LH:11
BRDA:10,0,0,0
BRDA:10,0,1,1
BRDA:12,1,0,0
BRDA:12,1,1,1
BRDA:12,2,0,1
BRDA:12,2,1,0
BRDA:14,3,0,0
BRDA:14,3,1,1
BRDA:14,4,0,1
BRDA:14,4,1,0
BRDA:16,5,0,0
BRDA:16,5,1,1
BRDA:16,6,0,1
BRDA:16,6,1,0
BRDA:18,7,0,0
BRDA:18,7,1,1
BRDA:32,8,0,0
BRDA:32,8,1,0
BRF:18
BRH:8
end_of_record
TN:
SF:src\components\app\app.jsx
FN:8,(anonymous_0)
FN:20,(anonymous_1)
FN:26,(anonymous_2)
FN:38,(anonymous_3)
FN:51,(anonymous_4)
FNF:5
FNH:4
FNDA:1,(anonymous_0)
FNDA:0,(anonymous_1)
FNDA:1,(anonymous_2)
FNDA:1,(anonymous_3)
FNDA:1,(anonymous_4)
DA:9,1
DA:11,1
DA:15,1
DA:16,1
DA:17,1
DA:21,0
DA:27,1
DA:28,1
DA:39,1
DA:41,1
DA:52,1
DA:67,1
LF:12
LH:11
BRF:0
BRH:0
end_of_record
TN:
SF:src\components\full-movie-info\full-movie-info.jsx
FN:6,(anonymous_0)
FNF:1
FNH:1
FNDA:1,(anonymous_0)
DA:6,2
DA:7,1
DA:8,1
DA:10,1
DA:128,2
LF:5
LH:5
BRF:0
BRH:0
end_of_record
TN:
SF:src\components\genres-list\genres-list.jsx
FN:4,(anonymous_0)
FN:9,(anonymous_1)
FN:15,(anonymous_2)
FNF:3
FNH:0
FNDA:0,(anonymous_0)
FNDA:0,(anonymous_1)
FNDA:0,(anonymous_2)
DA:4,3
DA:5,0
DA:7,0
DA:10,0
DA:16,0
DA:17,0
DA:26,3
LF:7
LH:2
BRDA:12,0,0,0
BRDA:12,0,1,0
BRF:2
BRH:0
end_of_record
TN:
SF:src\components\main\main.jsx
FN:9,(anonymous_0)
FN:154,(anonymous_1)
FN:160,(anonymous_2)
FN:161,(anonymous_3)
FNF:4
FNH:0
FNDA:0,(anonymous_0)
FNDA:0,(anonymous_1)
FNDA:0,(anonymous_2)
FNDA:0,(anonymous_3)
DA:9,3
DA:10,0
DA:12,0
DA:104,3
DA:154,3
DA:160,3
DA:162,0
DA:163,0
LF:8
LH:4
BRF:0
BRH:0
end_of_record
TN:
SF:src\components\movie-card\movie-card.jsx
FN:8,(anonymous_0)
FN:24,(anonymous_1)
FN:28,(anonymous_2)
FN:37,(anonymous_3)
FN:50,(anonymous_4)
FN:58,(anonymous_5)
FN:64,(anonymous_6)
FNF:7
FNH:6
FNDA:20,(anonymous_0)
FNDA:1,(anonymous_1)
FNDA:0,(anonymous_2)
FNDA:1,(anonymous_3)
FNDA:1,(anonymous_4)
FNDA:1,(anonymous_5)
FNDA:20,(anonymous_6)
DA:9,20
DA:11,20
DA:16,20
DA:18,20
DA:19,20
DA:20,20
DA:21,20
DA:25,1
DA:26,1
DA:28,1
DA:29,0
DA:34,1
DA:38,1
DA:39,1
DA:40,0
DA:41,0
DA:45,0
DA:46,0
DA:51,1
DA:52,1
DA:54,1
DA:55,1
DA:59,1
DA:60,1
DA:61,1
DA:65,20
DA:66,20
DA:71,20
DA:73,20
DA:100,7
LF:30
LH:25
BRDA:39,0,0,0
BRDA:39,0,1,1
BRF:2
BRH:1
end_of_record
TN:
SF:src\components\movies-list\movies-list.jsx
FN:6,(anonymous_0)
FN:16,(anonymous_1)
FN:22,(anonymous_2)
FN:29,(anonymous_3)
FN:34,(anonymous_4)
FNF:5
FNH:3
FNDA:2,(anonymous_0)
FNDA:0,(anonymous_1)
FNDA:0,(anonymous_2)
FNDA:2,(anonymous_3)
FNDA:16,(anonymous_4)
DA:7,2
DA:9,2
DA:12,2
DA:13,2
DA:17,0
DA:23,0
DA:30,2
DA:32,2
DA:35,16
DA:49,5
LF:10
LH:8
BRF:0
BRH:0
end_of_record
TN:
SF:src\components\video-player\video-player.jsx
FN:5,(anonymous_0)
FN:11,(anonymous_1)
FN:20,(anonymous_2)
FN:26,(anonymous_3)
FN:39,(anonymous_4)
FNF:5
FNH:4
FNDA:19,(anonymous_0)
FNDA:19,(anonymous_1)
FNDA:0,(anonymous_2)
FNDA:2,(anonymous_3)
FNDA:21,(anonymous_4)
DA:6,19
DA:8,19
DA:12,19
DA:13,19
DA:15,19
DA:16,19
DA:17,19
DA:21,0
DA:23,0
DA:27,2
DA:28,2
DA:30,2
DA:31,2
DA:32,1
DA:34,1
DA:40,21
DA:41,21
DA:43,21
DA:55,9
LF:19
LH:17
BRDA:30,0,0,2
BRDA:30,0,1,0
BRDA:31,1,0,1
BRDA:31,1,1,1
BRF:4
BRH:3
end_of_record
TN:
SF:src\mocks\film-info.js
FNF:0
FNH:0
LF:0
LH:0
BRF:0
BRH:0
end_of_record
TN:
SF:src\mocks\films.js
FNF:0
FNH:0
LF:0
LH:0
BRF:0
BRH:0
end_of_record
